{
  "RSpec": {
    "coverage": {
      "/Users/student/Projects/Week4/bookmark-manager-Tues/app.rb": [
        1,
        1,
        null,
        1,
        null,
        null,
        null,
        null,
        1,
        3,
        3,
        null,
        null,
        1,
        2,
        2,
        2,
        null,
        null,
        1,
        null
      ],
      "/Users/student/Projects/Week4/bookmark-manager-Tues/lib/bookmark.rb": [
        null,
        1,
        1,
        1,
        null,
        1,
        11,
        11,
        11,
        null,
        null,
        1,
        7,
        7,
        null,
        0,
        null,
        null,
        7,
        18,
        null,
        null,
        1,
        10,
        10,
        null,
        0,
        null,
        null,
        10,
        10,
        null,
        null
      ],
      "/Users/student/Projects/Week4/bookmark-manager-Tues/spec/features/add_spec.rb": [
        1,
        null,
        1,
        1,
        null,
        1,
        1,
        1,
        1,
        1,
        null,
        null,
        null,
        1,
        1,
        1,
        null,
        1,
        1,
        1,
        1,
        1,
        1,
        null,
        null
      ],
      "/Users/student/Projects/Week4/bookmark-manager-Tues/spec/features/display_spec.rb": [
        1,
        null,
        1,
        1,
        null,
        1,
        1,
        1,
        null,
        1,
        null,
        1,
        1,
        1,
        null,
        null
      ],
      "/Users/student/Projects/Week4/bookmark-manager-Tues/spec/unit/bookmark_spec.rb": [
        1,
        null,
        1,
        1,
        null,
        1,
        1,
        1,
        1,
        null,
        1,
        null,
        1,
        1,
        1,
        null,
        null,
        1,
        1,
        null,
        1,
        null,
        null
      ]
    },
    "timestamp": 1553705075
  }
}
